<?xml version="1.0" encoding="UTF-8"?>
<!-- Generated by org.testng.reporters.JUnitReportReporter -->
<testsuite hostname="Shamanth" failures="0" tests="6" name="TestNGAll.BikeLoan" time="0.026" errors="0" timestamp="2024-01-10T13:35:49 IST" skipped="0">
  <testcase classname="TestNGAll.BikeLoan" name="LoginMobile" time="0.012"/>
  <testcase classname="TestNGAll.BikeLoan" name="LoginRestAPI" time="0.002"/>
  <testcase classname="TestNGAll.BikeLoan" name="LoginMobile" time="0.001"/>
  <testcase classname="TestNGAll.BikeLoan" name="password" time="0.002"/>
  <testcase classname="TestNGAll.BikeLoan" name="LoginWeb" time="0.004"/>
  <testcase classname="TestNGAll.BikeLoan" name="LoginMobile" time="0.005"/>
</testsuite> <!-- TestNGAll.BikeLoan -->
