<?xml version="1.0" encoding="UTF-8"?>
<!-- Generated by org.testng.reporters.JUnitReportReporter -->
<testsuite hostname="Shamanth" failures="0" tests="1" name="selinroduction.TestNGFour" time="0.025" errors="0" timestamp="2024-01-03T10:49:45 IST" skipped="0">
  <testcase classname="selinroduction.TestNGFour" name="streamMethod" time="0.025"/>
</testsuite> <!-- selinroduction.TestNGFour -->
