<?xml version="1.0" encoding="UTF-8"?>
<!-- Generated by org.testng.reporters.JUnitReportReporter -->
<testsuite hostname="Shamanth" failures="0" tests="4" name="TestNGAll.HomeLoan" time="0.014" errors="0" timestamp="2024-01-27T09:13:20 IST" skipped="0">
  <testcase classname="TestNGAll.HomeLoan" name="password" time="0.002"/>
  <testcase classname="TestNGAll.HomeLoan" name="LoginRestAPI" time="0.002"/>
  <testcase classname="TestNGAll.HomeLoan" name="LoginWeb" time="0.002"/>
  <testcase classname="TestNGAll.HomeLoan" name="LoginMobile" time="0.008"/>
</testsuite> <!-- TestNGAll.HomeLoan -->
