<?xml version="1.0" encoding="UTF-8"?>
<!-- Generated by org.testng.reporters.JUnitReportReporter -->
<testsuite hostname="Shamanth" failures="0" tests="1" name="selinroduction.TestNGTen" time="0.029" errors="0" timestamp="2024-01-03T16:04:47 IST" skipped="0">
  <testcase classname="selinroduction.TestNGTen" name="streamCollect" time="0.029"/>
</testsuite> <!-- selinroduction.TestNGTen -->
