<?xml version="1.0" encoding="UTF-8"?>
<!-- Generated by org.testng.reporters.JUnitReportReporter -->
<testsuite hostname="Shamanth" failures="0" tests="1" name="selinroduction.TestNGSeven" time="0.019" errors="0" timestamp="2024-01-03T13:18:36 IST" skipped="0">
  <testcase classname="selinroduction.TestNGSeven" name="streamMap" time="0.019"/>
</testsuite> <!-- selinroduction.TestNGSeven -->
