<?xml version="1.0" encoding="UTF-8"?>
<!-- Generated by org.testng.reporters.JUnitReportReporter -->
<testsuite hostname="Shamanth" failures="0" tests="1" name="Javintroduction.TestNGTen" time="0.019" errors="0" timestamp="2024-01-05T10:16:25 IST" skipped="0">
  <testcase classname="Javintroduction.TestNGTen" name="streamCollect" time="0.019"/>
</testsuite> <!-- Javintroduction.TestNGTen -->
