<?xml version="1.0" encoding="UTF-8"?>
<!-- Generated by org.testng.reporters.JUnitReportReporter -->
<testsuite hostname="Shamanth" failures="0" tests="4" name="TestNGAll.PersonalLoan" time="0.009" errors="0" timestamp="2024-01-25T11:51:51 IST" skipped="0">
  <testcase classname="TestNGAll.PersonalLoan" name="password" time="0.001"/>
  <testcase classname="TestNGAll.PersonalLoan" name="LoginRestAPI" time="0.001"/>
  <testcase classname="TestNGAll.PersonalLoan" name="LoginMobile" time="0.005"/>
  <testcase classname="TestNGAll.PersonalLoan" name="LoginWeb" time="0.002"/>
</testsuite> <!-- TestNGAll.PersonalLoan -->
