<?xml version="1.0" encoding="UTF-8"?>
<!-- Generated by org.testng.reporters.JUnitReportReporter -->
<testsuite hostname="Shamanth" failures="0" tests="1" name="Javintroduction.TestNGSix" time="0.010" errors="0" timestamp="2024-01-03T16:45:27 IST" skipped="0">
  <testcase classname="Javintroduction.TestNGSix" name="streamMap" time="0.010"/>
</testsuite> <!-- Javintroduction.TestNGSix -->
