<?xml version="1.0" encoding="UTF-8"?>
<!-- Generated by org.testng.reporters.JUnitReportReporter -->
<testsuite hostname="Shamanth" failures="0" tests="4" name="TestNGAll.EducationLoan" time="0.019" errors="0" timestamp="2024-01-19T17:35:23 IST" skipped="0">
  <testcase classname="TestNGAll.EducationLoan" name="password" time="0.001"/>
  <system-out/>
  <testcase classname="TestNGAll.EducationLoan" name="LoginWeb" time="0.002"/>
  <system-out/>
  <testcase classname="TestNGAll.EducationLoan" name="LoginRestAPI" time="0.001"/>
  <system-out/>
  <testcase classname="TestNGAll.EducationLoan" name="LoginMobile" time="0.015"/>
  <system-out/>
</testsuite> <!-- TestNGAll.EducationLoan -->
