<?xml version="1.0" encoding="UTF-8"?>
<!-- Generated by org.testng.reporters.JUnitReportReporter -->
<testsuite hostname="Shamanth" failures="0" tests="1" name="selinroduction.TestNGFive" time="0.013" errors="0" timestamp="2024-01-03T13:09:19 IST" skipped="0">
  <testcase classname="selinroduction.TestNGFive" name="streamMap" time="0.013"/>
</testsuite> <!-- selinroduction.TestNGFive -->
