<?xml version="1.0" encoding="UTF-8"?>
<!-- Generated by org.testng.reporters.JUnitReportReporter -->
<testsuite hostname="Shamanth" failures="0" tests="1" name="TestNGAll.EducationLoan" time="0.002" errors="0" timestamp="2024-01-27T09:13:20 IST" skipped="0">
  <testcase classname="TestNGAll.EducationLoan" name="LoginRestAPI" time="0.002"/>
</testsuite> <!-- TestNGAll.EducationLoan -->
