<?xml version="1.0" encoding="UTF-8"?>
<!-- Generated by org.testng.reporters.JUnitReportReporter -->
<testsuite hostname="Shamanth" failures="0" tests="1" name="selinroduction.TestNGSix" time="0.039" errors="0" timestamp="2024-01-03T13:08:45 IST" skipped="0">
  <testcase classname="selinroduction.TestNGSix" name="streamMap" time="0.039"/>
</testsuite> <!-- selinroduction.TestNGSix -->
