<?xml version="1.0" encoding="UTF-8"?>
<!-- Generated by org.testng.reporters.JUnitReportReporter -->
<testsuite hostname="Shamanth" failures="0" tests="1" name="selinroduction.TestNGEight" time="0.011" errors="0" timestamp="2024-01-03T15:45:22 IST" skipped="0">
  <testcase classname="selinroduction.TestNGEight" name="streamMap" time="0.011"/>
</testsuite> <!-- selinroduction.TestNGEight -->
