<?xml version="1.0" encoding="UTF-8"?>
<!-- Generated by org.testng.reporters.JUnitReportReporter -->
<testsuite hostname="Shamanth" failures="0" tests="1" name="Javintroduction.InheretanceChild" time="0.016" errors="0" timestamp="2024-01-11T11:57:39 IST" skipped="0">
  <testcase classname="Javintroduction.InheretanceChild" name="testRun" time="0.016"/>
</testsuite> <!-- Javintroduction.InheretanceChild -->
