<?xml version="1.0" encoding="UTF-8"?>
<!-- Generated by org.testng.reporters.JUnitReportReporter -->
<testsuite hostname="Shamanth" failures="0" tests="6" name="TestNGAll.BikeLoan" time="0.036" errors="0" timestamp="2024-01-20T21:35:13 IST" skipped="0">
  <testcase classname="TestNGAll.BikeLoan" name="LoginMobile" time="0.002"/>
  <system-out/>
  <testcase classname="TestNGAll.BikeLoan" name="LoginWeb" time="0.005"/>
  <system-out/>
  <testcase classname="TestNGAll.BikeLoan" name="LoginRestAPI" time="0.002"/>
  <system-out/>
  <testcase classname="TestNGAll.BikeLoan" name="LoginMobile" time="0.003"/>
  <system-out/>
  <testcase classname="TestNGAll.BikeLoan" name="LoginMobile" time="0.022"/>
  <system-out/>
  <testcase classname="TestNGAll.BikeLoan" name="password" time="0.002"/>
  <system-out/>
</testsuite> <!-- TestNGAll.BikeLoan -->
