<?xml version="1.0" encoding="UTF-8"?>
<!-- Generated by org.testng.reporters.JUnitReportReporter -->
<testsuite hostname="Shamanth" failures="0" tests="1" name="Javintroduction.TestNgTwo" time="0.015" errors="0" timestamp="2024-01-01T20:40:34 IST" skipped="0">
  <testcase classname="Javintroduction.TestNgTwo" name="streamMethod" time="0.015"/>
</testsuite> <!-- Javintroduction.TestNgTwo -->
