<?xml version="1.0" encoding="UTF-8"?>
<!-- Generated by org.testng.reporters.JUnitReportReporter -->
<testsuite hostname="Shamanth" failures="0" tests="6" name="TestNGAll.IndustrialLoan" time="0.025" errors="0" timestamp="2024-01-14T14:24:17 IST" skipped="0">
  <testcase classname="TestNGAll.IndustrialLoan" name="LoginWeb" time="0.004"/>
  <testcase classname="TestNGAll.IndustrialLoan" name="LoginRestAPI" time="0.003"/>
  <testcase classname="TestNGAll.IndustrialLoan" name="LoginMobile" time="0.002"/>
  <testcase classname="TestNGAll.IndustrialLoan" name="LoginMobile" time="0.002"/>
  <testcase classname="TestNGAll.IndustrialLoan" name="password" time="0.002"/>
  <testcase classname="TestNGAll.IndustrialLoan" name="LoginMobile" time="0.012"/>
</testsuite> <!-- TestNGAll.IndustrialLoan -->
