<?xml version="1.0" encoding="UTF-8"?>
<!-- Generated by org.testng.reporters.JUnitReportReporter -->
<testsuite hostname="Shamanth" failures="0" tests="1" name="Javintroduction.TestngOne" time="0.042" errors="0" timestamp="2024-01-01T20:19:07 IST" skipped="0">
  <testcase classname="Javintroduction.TestngOne" name="regularMethod" time="0.042"/>
</testsuite> <!-- Javintroduction.TestngOne -->
