<?xml version="1.0" encoding="UTF-8"?>
<!-- Generated by org.testng.reporters.JUnitReportReporter -->
<testsuite hostname="Shamanth" failures="0" tests="4" name="TestNGAll.FurnitureLoan" time="0.012" errors="0" timestamp="2024-01-10T13:35:49 IST" skipped="1">
  <testcase classname="TestNGAll.FurnitureLoan" name="RestAPILogin" time="0.007"/>
  <testcase classname="TestNGAll.FurnitureLoan" name="password" time="0.003"/>
  <testcase classname="TestNGAll.FurnitureLoan" name="WebLogin" time="0.002"/>
  <testcase classname="TestNGAll.FurnitureLoan" name="MobileLogin">
    <skipped/>
  </testcase> <!-- MobileLogin -->
</testsuite> <!-- TestNGAll.FurnitureLoan -->
