<?xml version="1.0" encoding="UTF-8"?>
<!-- Generated by org.testng.reporters.JUnitReportReporter -->
<testsuite hostname="Shamanth" failures="0" tests="4" name="TestNGAll.CarLoan" time="0.009" errors="0" timestamp="2024-01-10T13:35:49 IST" skipped="0">
  <testcase classname="TestNGAll.CarLoan" name="LoginRestAPI" time="0.001"/>
  <testcase classname="TestNGAll.CarLoan" name="LoginMobile" time="0.002"/>
  <testcase classname="TestNGAll.CarLoan" name="LoginWeb" time="0.003"/>
  <testcase classname="TestNGAll.CarLoan" name="password" time="0.003"/>
</testsuite> <!-- TestNGAll.CarLoan -->
