<?xml version="1.0" encoding="UTF-8"?>
<!-- Generated by org.testng.reporters.JUnitReportReporter -->
<testsuite hostname="Shamanth" failures="0" tests="1" name="selinroduction.TestNGEleven" time="0.009" errors="0" timestamp="2024-01-03T16:06:18 IST" skipped="0">
  <testcase classname="selinroduction.TestNGEleven" name="streamCollect" time="0.009"/>
</testsuite> <!-- selinroduction.TestNGEleven -->
