<?xml version="1.0" encoding="UTF-8"?>
<!-- Generated by org.testng.reporters.JUnitReportReporter -->
<testsuite hostname="Shamanth" failures="0" tests="4" name="TestNGAll.EducationLoan" time="0.008" errors="0" timestamp="2024-01-25T11:51:51 IST" skipped="0">
  <testcase classname="TestNGAll.EducationLoan" name="LoginRestAPI" time="0.004"/>
  <testcase classname="TestNGAll.EducationLoan" name="LoginMobile" time="0.001"/>
  <testcase classname="TestNGAll.EducationLoan" name="LoginWeb" time="0.001"/>
  <testcase classname="TestNGAll.EducationLoan" name="password" time="0.002"/>
</testsuite> <!-- TestNGAll.EducationLoan -->
