<?xml version="1.0" encoding="UTF-8"?>
<!-- Generated by org.testng.reporters.JUnitReportReporter -->
<testsuite hostname="Shamanth" failures="0" tests="6" name="TestNGAll.IndustrialLoan" time="0.010" errors="0" timestamp="2024-01-25T11:51:51 IST" skipped="0">
  <testcase classname="TestNGAll.IndustrialLoan" name="LoginMobile" time="0.003"/>
  <testcase classname="TestNGAll.IndustrialLoan" name="LoginRestAPI" time="0.001"/>
  <testcase classname="TestNGAll.IndustrialLoan" name="LoginWeb" time="0.001"/>
  <testcase classname="TestNGAll.IndustrialLoan" name="LoginMobile" time="0.001"/>
  <testcase classname="TestNGAll.IndustrialLoan" name="password" time="0.001"/>
  <testcase classname="TestNGAll.IndustrialLoan" name="LoginMobile" time="0.003"/>
</testsuite> <!-- TestNGAll.IndustrialLoan -->
