<?xml version="1.0" encoding="UTF-8"?>
<!-- Generated by org.testng.reporters.JUnitReportReporter -->
<testsuite hostname="Shamanth" failures="0" tests="1" name="selinroduction.TestNGNine" time="0.015" errors="0" timestamp="2024-01-03T15:54:44 IST" skipped="0">
  <testcase classname="selinroduction.TestNGNine" name="streamCollect" time="0.015"/>
</testsuite> <!-- selinroduction.TestNGNine -->
