<?xml version="1.0" encoding="UTF-8"?>
<!-- Generated by org.testng.reporters.JUnitReportReporter -->
<testsuite hostname="Shamanth" failures="0" tests="1" name="selinroduction.TestNGThree" time="0.025" errors="0" timestamp="2024-01-03T10:57:04 IST" skipped="0">
  <testcase classname="selinroduction.TestNGThree" name="streamMethod" time="0.025"/>
</testsuite> <!-- selinroduction.TestNGThree -->
