<?xml version="1.0" encoding="UTF-8"?>
<!-- Generated by org.testng.reporters.JUnitReportReporter -->
<testsuite hostname="Shamanth" failures="0" tests="1" name="TestNGAll.TestngOne" time="0.001" errors="0" timestamp="2024-01-09T11:14:59 IST" skipped="0">
  <testcase classname="TestNGAll.TestngOne" name="regularMethod" time="0.001"/>
</testsuite> <!-- TestNGAll.TestngOne -->
