<?xml version="1.0" encoding="UTF-8"?>
<!-- Generated by org.testng.reporters.JUnitReportReporter -->
<testsuite hostname="Shamanth" failures="0" tests="1" name="selinroduction.TestNGTwelve" time="0.008" errors="0" timestamp="2024-01-03T16:09:17 IST" skipped="0">
  <testcase classname="selinroduction.TestNGTwelve" name="streamCollect" time="0.008"/>
</testsuite> <!-- selinroduction.TestNGTwelve -->
