<?xml version="1.0" encoding="UTF-8"?>
<!-- Generated by org.testng.reporters.JUnitReportReporter -->
<testsuite hostname="Shamanth" failures="0" tests="1" name="Javintroduction.TestNGThree" time="0.040" errors="0" timestamp="2024-01-07T17:50:42 IST" skipped="0">
  <testcase classname="Javintroduction.TestNGThree" name="streamMethod" time="0.040"/>
</testsuite> <!-- Javintroduction.TestNGThree -->
